<?xml version="1.0" encoding="UTF-8"?>
<!-- Generated by org.testng.reporters.JUnitXMLReporter -->
<testsuite ignored="0" hostname="Hemanth" failures="0" tests="4" name="Default test" time="9.227" errors="0" timestamp="2024-11-15T12:35:26 IST">
  <testcase classname="api.test.UserTestUsingProFiles" name="testPostUser" time="3.275"/>
  <testcase classname="api.test.UserTestUsingProFiles" name="testGetUserByName" time="1.322"/>
  <testcase classname="api.test.UserTestUsingProFiles" name="testUpdateUserByName" time="2.465"/>
  <testcase classname="api.test.UserTestUsingProFiles" name="testDeleteUserByName" time="1.249"/>
</testsuite> <!-- Default test -->
