<?xml version="1.0" encoding="UTF-8"?>
<!-- Generated by org.testng.reporters.JUnitXMLReporter -->
<testsuite ignored="0" hostname="Hemanth" failures="0" tests="4" name="Test" time="8.86" errors="0" timestamp="2024-11-15T12:37:46 IST">
  <testcase classname="api.test.UserTestUsingProFiles" name="testPostUser" time="2.766"/>
  <testcase classname="api.test.UserTestUsingProFiles" name="testGetUserByName" time="1.25"/>
  <testcase classname="api.test.UserTestUsingProFiles" name="testUpdateUserByName" time="2.535"/>
  <testcase classname="api.test.UserTestUsingProFiles" name="testDeleteUserByName" time="1.39"/>
</testsuite> <!-- Test -->
