<?xml version="1.0" encoding="UTF-8"?>
<!-- Generated by org.testng.reporters.JUnitXMLReporter -->
<testsuite ignored="0" hostname="Hemanth" failures="0" tests="14" name="Test" time="30.268" errors="0" timestamp="2024-11-16T19:17:49 IST">
  <testcase classname="api.test.UserTest" name="testPostUser" time="3.671"/>
  <testcase classname="api.test.UserTest" name="testGetUserByName" time="1.782"/>
  <testcase classname="api.test.UserTest" name="testUpdateUserByName" time="3.063"/>
  <testcase classname="api.test.UserTest" name="testDeleteUserByName" time="1.743"/>
  <testcase classname="api.test.UserTestUsingProFiles" name="testPostUser" time="1.68"/>
  <testcase classname="api.test.UserTestUsingProFiles" name="testGetUserByName" time="1.52"/>
  <testcase classname="api.test.UserTestUsingProFiles" name="testUpdateUserByName" time="3.078"/>
  <testcase classname="api.test.UserTestUsingProFiles" name="testDeleteUserByName" time="1.533"/>
  <testcase classname="api.test.DDTests" name="testPostuser" time="1.594"/>
  <testcase classname="api.test.DDTests" name="testPostuser" time="1.668"/>
  <testcase classname="api.test.DDTests" name="testPostuser" time="1.531"/>
  <testcase classname="api.test.DDTests" name="testDeleteUserByName" time="1.531"/>
  <testcase classname="api.test.DDTests" name="testDeleteUserByName" time="1.532"/>
  <testcase classname="api.test.DDTests" name="testDeleteUserByName" time="1.737"/>
</testsuite> <!-- Test -->
