<?xml version="1.0" encoding="UTF-8"?>
<!-- Generated by org.testng.reporters.JUnitXMLReporter -->
<testsuite ignored="0" hostname="Hemanth" failures="0" tests="4" name="Test" time="8.928" errors="0" timestamp="2024-11-15T13:12:15 IST">
  <testcase classname="api.test.UserTestUsingProFiles" name="testPostUser" time="2.946"/>
  <testcase classname="api.test.UserTestUsingProFiles" name="testGetUserByName" time="1.221"/>
  <testcase classname="api.test.UserTestUsingProFiles" name="testUpdateUserByName" time="2.476"/>
  <testcase classname="api.test.UserTestUsingProFiles" name="testDeleteUserByName" time="1.474"/>
</testsuite> <!-- Test -->
