<?xml version="1.0" encoding="UTF-8"?>
<!-- Generated by org.testng.reporters.JUnitXMLReporter -->
<testsuite ignored="0" hostname="Hemanth" failures="0" tests="14" name="Test" time="29.637" errors="0" timestamp="2024-11-16T19:18:50 IST">
  <testcase classname="api.test.UserTest" name="testPostUser" time="3.718"/>
  <testcase classname="api.test.UserTest" name="testGetUserByName" time="1.57"/>
  <testcase classname="api.test.UserTest" name="testUpdateUserByName" time="3.268"/>
  <testcase classname="api.test.UserTest" name="testDeleteUserByName" time="1.536"/>
  <testcase classname="api.test.UserTestUsingProFiles" name="testPostUser" time="1.629"/>
  <testcase classname="api.test.UserTestUsingProFiles" name="testGetUserByName" time="1.615"/>
  <testcase classname="api.test.UserTestUsingProFiles" name="testUpdateUserByName" time="3.13"/>
  <testcase classname="api.test.UserTestUsingProFiles" name="testDeleteUserByName" time="1.415"/>
  <testcase classname="api.test.DDTests" name="testPostuser" time="1.621"/>
  <testcase classname="api.test.DDTests" name="testPostuser" time="1.536"/>
  <testcase classname="api.test.DDTests" name="testPostuser" time="1.739"/>
  <testcase classname="api.test.DDTests" name="testDeleteUserByName" time="1.662"/>
  <testcase classname="api.test.DDTests" name="testDeleteUserByName" time="1.557"/>
  <testcase classname="api.test.DDTests" name="testDeleteUserByName" time="1.509"/>
</testsuite> <!-- Test -->
