<?xml version="1.0" encoding="UTF-8"?>
<testng-results ignored="0" total="4" passed="4" failed="0" skipped="0">
  <reporter-output>
  </reporter-output>
  <suite started-at="2024-11-15T13:12:06 IST" name="Suite" finished-at="2024-11-15T13:12:15 IST" duration-ms="8928">
    <groups>
    </groups>
    <test started-at="2024-11-15T13:12:06 IST" name="Test" finished-at="2024-11-15T13:12:15 IST" duration-ms="8928">
      <class name="api.test.UserTestUsingProFiles">
        <test-method is-config="true" signature="setup()[pri:0, instance:api.test.UserTestUsingProFiles@72057ecf]" started-at="2024-11-15T13:12:06 IST" name="setup" finished-at="2024-11-15T13:12:07 IST" duration-ms="582" status="PASS">
          <reporter-output>
          </reporter-output>
        </test-method> <!-- setup -->
        <test-method signature="testPostUser()[pri:1, instance:api.test.UserTestUsingProFiles@72057ecf]" started-at="2024-11-15T13:12:07 IST" name="testPostUser" finished-at="2024-11-15T13:12:10 IST" duration-ms="2946" status="PASS">
          <reporter-output>
          </reporter-output>
        </test-method> <!-- testPostUser -->
        <test-method signature="testGetUserByName()[pri:2, instance:api.test.UserTestUsingProFiles@72057ecf]" started-at="2024-11-15T13:12:10 IST" name="testGetUserByName" finished-at="2024-11-15T13:12:11 IST" duration-ms="1221" status="PASS">
          <reporter-output>
          </reporter-output>
        </test-method> <!-- testGetUserByName -->
        <test-method signature="testUpdateUserByName()[pri:3, instance:api.test.UserTestUsingProFiles@72057ecf]" started-at="2024-11-15T13:12:11 IST" name="testUpdateUserByName" finished-at="2024-11-15T13:12:13 IST" duration-ms="2476" status="PASS">
          <reporter-output>
          </reporter-output>
        </test-method> <!-- testUpdateUserByName -->
        <test-method signature="testDeleteUserByName()[pri:4, instance:api.test.UserTestUsingProFiles@72057ecf]" started-at="2024-11-15T13:12:13 IST" name="testDeleteUserByName" finished-at="2024-11-15T13:12:15 IST" duration-ms="1474" status="PASS">
          <reporter-output>
          </reporter-output>
        </test-method> <!-- testDeleteUserByName -->
      </class> <!-- api.test.UserTestUsingProFiles -->
    </test> <!-- Test -->
  </suite> <!-- Suite -->
</testng-results>
