<?xml version="1.0" encoding="UTF-8"?>
<testng-results ignored="0" total="14" passed="14" failed="0" skipped="0">
  <reporter-output>
  </reporter-output>
  <suite started-at="2024-11-16T19:18:20 IST" name="Suite" finished-at="2024-11-16T19:18:50 IST" duration-ms="29637">
    <groups>
    </groups>
    <test started-at="2024-11-16T19:18:20 IST" name="Test" finished-at="2024-11-16T19:18:50 IST" duration-ms="29637">
      <class name="api.test.UserTestUsingProFiles">
        <test-method is-config="true" signature="setup()[pri:0, instance:api.test.UserTestUsingProFiles@59fd97a8]" started-at="2024-11-16T19:18:31 IST" name="setup" finished-at="2024-11-16T19:18:31 IST" duration-ms="30" status="PASS">
          <reporter-output>
          </reporter-output>
        </test-method> <!-- setup -->
        <test-method signature="testPostUser()[pri:1, instance:api.test.UserTestUsingProFiles@59fd97a8]" started-at="2024-11-16T19:18:31 IST" name="testPostUser" finished-at="2024-11-16T19:18:33 IST" duration-ms="1629" status="PASS">
          <reporter-output>
          </reporter-output>
        </test-method> <!-- testPostUser -->
        <test-method signature="testGetUserByName()[pri:2, instance:api.test.UserTestUsingProFiles@59fd97a8]" started-at="2024-11-16T19:18:33 IST" name="testGetUserByName" finished-at="2024-11-16T19:18:35 IST" duration-ms="1615" status="PASS">
          <reporter-output>
          </reporter-output>
        </test-method> <!-- testGetUserByName -->
        <test-method signature="testUpdateUserByName()[pri:3, instance:api.test.UserTestUsingProFiles@59fd97a8]" started-at="2024-11-16T19:18:35 IST" name="testUpdateUserByName" finished-at="2024-11-16T19:18:38 IST" duration-ms="3130" status="PASS">
          <reporter-output>
          </reporter-output>
        </test-method> <!-- testUpdateUserByName -->
        <test-method signature="testDeleteUserByName()[pri:4, instance:api.test.UserTestUsingProFiles@59fd97a8]" started-at="2024-11-16T19:18:38 IST" name="testDeleteUserByName" finished-at="2024-11-16T19:18:39 IST" duration-ms="1415" status="PASS">
          <reporter-output>
          </reporter-output>
        </test-method> <!-- testDeleteUserByName -->
      </class> <!-- api.test.UserTestUsingProFiles -->
      <class name="api.test.UserTest">
        <test-method is-config="true" signature="setup()[pri:0, instance:api.test.UserTest@1ab3a8c8]" started-at="2024-11-16T19:18:21 IST" name="setup" finished-at="2024-11-16T19:18:21 IST" duration-ms="764" status="PASS">
          <reporter-output>
          </reporter-output>
        </test-method> <!-- setup -->
        <test-method signature="testPostUser()[pri:1, instance:api.test.UserTest@1ab3a8c8]" started-at="2024-11-16T19:18:21 IST" name="testPostUser" finished-at="2024-11-16T19:18:25 IST" duration-ms="3718" status="PASS">
          <reporter-output>
          </reporter-output>
        </test-method> <!-- testPostUser -->
        <test-method signature="testGetUserByName()[pri:2, instance:api.test.UserTest@1ab3a8c8]" started-at="2024-11-16T19:18:25 IST" name="testGetUserByName" finished-at="2024-11-16T19:18:27 IST" duration-ms="1570" status="PASS">
          <reporter-output>
          </reporter-output>
        </test-method> <!-- testGetUserByName -->
        <test-method signature="testUpdateUserByName()[pri:3, instance:api.test.UserTest@1ab3a8c8]" started-at="2024-11-16T19:18:27 IST" name="testUpdateUserByName" finished-at="2024-11-16T19:18:30 IST" duration-ms="3268" status="PASS">
          <reporter-output>
          </reporter-output>
        </test-method> <!-- testUpdateUserByName -->
        <test-method signature="testDeleteUserByName()[pri:4, instance:api.test.UserTest@1ab3a8c8]" started-at="2024-11-16T19:18:30 IST" name="testDeleteUserByName" finished-at="2024-11-16T19:18:31 IST" duration-ms="1536" status="PASS">
          <reporter-output>
          </reporter-output>
        </test-method> <!-- testDeleteUserByName -->
      </class> <!-- api.test.UserTest -->
      <class name="api.test.DDTests">
        <test-method signature="testPostuser(java.lang.String,java.lang.String,java.lang.String,java.lang.String,java.lang.String,java.lang.String,java.lang.String)[pri:1, instance:api.test.DDTests@f5ac9e4]" started-at="2024-11-16T19:18:40 IST" name="testPostuser" data-provider="Data" finished-at="2024-11-16T19:18:42 IST" duration-ms="1621" status="PASS">
          <params>
            <param index="0">
              <value>
                <![CDATA[1010]]>
              </value>
            </param>
            <param index="1">
              <value>
                <![CDATA[testuser1]]>
              </value>
            </param>
            <param index="2">
              <value>
                <![CDATA[John]]>
              </value>
            </param>
            <param index="3">
              <value>
                <![CDATA[Canedy]]>
              </value>
            </param>
            <param index="4">
              <value>
                <![CDATA[a@gmail.com]]>
              </value>
            </param>
            <param index="5">
              <value>
                <![CDATA[test@1]]>
              </value>
            </param>
            <param index="6">
              <value>
                <![CDATA[1234567897]]>
              </value>
            </param>
          </params>
          <reporter-output>
          </reporter-output>
        </test-method> <!-- testPostuser -->
        <test-method signature="testPostuser(java.lang.String,java.lang.String,java.lang.String,java.lang.String,java.lang.String,java.lang.String,java.lang.String)[pri:1, instance:api.test.DDTests@f5ac9e4]" started-at="2024-11-16T19:18:42 IST" name="testPostuser" data-provider="Data" finished-at="2024-11-16T19:18:43 IST" duration-ms="1536" status="PASS">
          <params>
            <param index="0">
              <value>
                <![CDATA[1020]]>
              </value>
            </param>
            <param index="1">
              <value>
                <![CDATA[testuser2]]>
              </value>
            </param>
            <param index="2">
              <value>
                <![CDATA[Kim]]>
              </value>
            </param>
            <param index="3">
              <value>
                <![CDATA[Kom]]>
              </value>
            </param>
            <param index="4">
              <value>
                <![CDATA[b@gmail.com]]>
              </value>
            </param>
            <param index="5">
              <value>
                <![CDATA[test@2]]>
              </value>
            </param>
            <param index="6">
              <value>
                <![CDATA[1234567897]]>
              </value>
            </param>
          </params>
          <reporter-output>
          </reporter-output>
        </test-method> <!-- testPostuser -->
        <test-method signature="testPostuser(java.lang.String,java.lang.String,java.lang.String,java.lang.String,java.lang.String,java.lang.String,java.lang.String)[pri:1, instance:api.test.DDTests@f5ac9e4]" started-at="2024-11-16T19:18:43 IST" name="testPostuser" data-provider="Data" finished-at="2024-11-16T19:18:45 IST" duration-ms="1739" status="PASS">
          <params>
            <param index="0">
              <value>
                <![CDATA[1030]]>
              </value>
            </param>
            <param index="1">
              <value>
                <![CDATA[testuser3]]>
              </value>
            </param>
            <param index="2">
              <value>
                <![CDATA[Smith]]>
              </value>
            </param>
            <param index="3">
              <value>
                <![CDATA[Steve]]>
              </value>
            </param>
            <param index="4">
              <value>
                <![CDATA[c@gmail.com]]>
              </value>
            </param>
            <param index="5">
              <value>
                <![CDATA[test@3]]>
              </value>
            </param>
            <param index="6">
              <value>
                <![CDATA[1234567897]]>
              </value>
            </param>
          </params>
          <reporter-output>
          </reporter-output>
        </test-method> <!-- testPostuser -->
        <test-method signature="testDeleteUserByName(java.lang.String)[pri:2, instance:api.test.DDTests@f5ac9e4]" started-at="2024-11-16T19:18:45 IST" name="testDeleteUserByName" data-provider="UserNames" finished-at="2024-11-16T19:18:47 IST" duration-ms="1662" status="PASS">
          <params>
            <param index="0">
              <value>
                <![CDATA[testuser1]]>
              </value>
            </param>
          </params>
          <reporter-output>
          </reporter-output>
        </test-method> <!-- testDeleteUserByName -->
        <test-method signature="testDeleteUserByName(java.lang.String)[pri:2, instance:api.test.DDTests@f5ac9e4]" started-at="2024-11-16T19:18:47 IST" name="testDeleteUserByName" data-provider="UserNames" finished-at="2024-11-16T19:18:48 IST" duration-ms="1557" status="PASS">
          <params>
            <param index="0">
              <value>
                <![CDATA[testuser2]]>
              </value>
            </param>
          </params>
          <reporter-output>
          </reporter-output>
        </test-method> <!-- testDeleteUserByName -->
        <test-method signature="testDeleteUserByName(java.lang.String)[pri:2, instance:api.test.DDTests@f5ac9e4]" started-at="2024-11-16T19:18:48 IST" name="testDeleteUserByName" data-provider="UserNames" finished-at="2024-11-16T19:18:50 IST" duration-ms="1509" status="PASS">
          <params>
            <param index="0">
              <value>
                <![CDATA[testuser3]]>
              </value>
            </param>
          </params>
          <reporter-output>
          </reporter-output>
        </test-method> <!-- testDeleteUserByName -->
      </class> <!-- api.test.DDTests -->
    </test> <!-- Test -->
  </suite> <!-- Suite -->
</testng-results>
