<?xml version="1.0" encoding="UTF-8"?>
<testng-results ignored="0" total="4" passed="4" failed="0" skipped="0">
  <reporter-output>
  </reporter-output>
  <suite started-at="2024-11-15T12:37:37 IST" name="Suite" finished-at="2024-11-15T12:37:46 IST" duration-ms="8860">
    <groups>
    </groups>
    <test started-at="2024-11-15T12:37:37 IST" name="Test" finished-at="2024-11-15T12:37:46 IST" duration-ms="8860">
      <class name="api.test.UserTestUsingProFiles">
        <test-method is-config="true" signature="setup()[pri:0, instance:api.test.UserTestUsingProFiles@7c7b252e]" started-at="2024-11-15T12:37:38 IST" name="setup" finished-at="2024-11-15T12:37:38 IST" duration-ms="584" status="PASS">
          <reporter-output>
          </reporter-output>
        </test-method> <!-- setup -->
        <test-method signature="testPostUser()[pri:1, instance:api.test.UserTestUsingProFiles@7c7b252e]" started-at="2024-11-15T12:37:38 IST" name="testPostUser" finished-at="2024-11-15T12:37:41 IST" duration-ms="2766" status="PASS">
          <reporter-output>
          </reporter-output>
        </test-method> <!-- testPostUser -->
        <test-method signature="testGetUserByName()[pri:2, instance:api.test.UserTestUsingProFiles@7c7b252e]" started-at="2024-11-15T12:37:41 IST" name="testGetUserByName" finished-at="2024-11-15T12:37:42 IST" duration-ms="1250" status="PASS">
          <reporter-output>
          </reporter-output>
        </test-method> <!-- testGetUserByName -->
        <test-method signature="testUpdateUserByName()[pri:3, instance:api.test.UserTestUsingProFiles@7c7b252e]" started-at="2024-11-15T12:37:42 IST" name="testUpdateUserByName" finished-at="2024-11-15T12:37:45 IST" duration-ms="2535" status="PASS">
          <reporter-output>
          </reporter-output>
        </test-method> <!-- testUpdateUserByName -->
        <test-method signature="testDeleteUserByName()[pri:4, instance:api.test.UserTestUsingProFiles@7c7b252e]" started-at="2024-11-15T12:37:45 IST" name="testDeleteUserByName" finished-at="2024-11-15T12:37:46 IST" duration-ms="1390" status="PASS">
          <reporter-output>
          </reporter-output>
        </test-method> <!-- testDeleteUserByName -->
      </class> <!-- api.test.UserTestUsingProFiles -->
    </test> <!-- Test -->
  </suite> <!-- Suite -->
</testng-results>
